<?xml version="1.0" encoding="UTF-8"?>
<!-- Generated by org.testng.reporters.JUnitReportReporter -->
<testsuite hostname="LAPTOP-A3CNVOI4" failures="0" tests="1" name="TestCases.VerifyLogin" time="5.901" errors="0" timestamp="2023-03-29T09:55:37 IST" skipped="0">
  <testcase classname="TestCases.VerifyLogin" name="login" time="5.901"/>
  <system-out/>
</testsuite> <!-- TestCases.VerifyLogin -->
