<?xml version="1.0" encoding="UTF-8"?>
<!-- Generated by org.testng.reporters.JUnitReportReporter -->
<testsuite hostname="LAPTOP-A3CNVOI4" failures="0" tests="1" name="TestCases.VerifyFooter" time="40.610" errors="0" timestamp="2023-03-29T11:45:26 IST" skipped="0">
  <testcase classname="TestCases.VerifyFooter" name="footer" time="40.610"/>
  <system-out/>
</testsuite> <!-- TestCases.VerifyFooter -->
