<?xml version="1.0" encoding="UTF-8"?>
<!-- Generated by org.testng.reporters.JUnitReportReporter -->
<testsuite hostname="LAPTOP-A3CNVOI4" failures="0" tests="1" name="TestCases.VerifyRegister" time="10.511" errors="0" timestamp="2023-03-29T12:43:14 IST" skipped="0">
  <testcase classname="TestCases.VerifyRegister" name="Register" time="10.511"/>
  <system-out/>
</testsuite> <!-- TestCases.VerifyRegister -->
