<?xml version="1.0" encoding="UTF-8"?>
<!-- Generated by org.testng.reporters.JUnitReportReporter -->
<testsuite hostname="LAPTOP-A3CNVOI4" failures="0" tests="1" name="TestCases.VerifyHeader" time="22.437" errors="0" timestamp="2023-03-29T11:45:26 IST" skipped="0">
  <testcase classname="TestCases.VerifyHeader" name="header" time="22.437"/>
  <system-out/>
</testsuite> <!-- TestCases.VerifyHeader -->
